{
  "stats": {
    "suites": 1,
    "tests": 1,
    "passes": 0,
    "pending": 0,
    "failures": 1,
    "start": "2023-09-11T17:17:04.557Z",
    "end": "2023-09-11T17:17:04.732Z",
    "duration": 175,
    "testsRegistered": 1,
    "passPercent": 0,
    "pendingPercent": 0,
    "other": 0,
    "hasOther": false,
    "skipped": 0,
    "hasSkipped": false
  },
  "results": [
    {
      "uuid": "89308d3c-ebb0-49fd-880a-c0ee16d010b2",
      "title": "",
      "fullFile": "cypress\\e2e\\API Tests (codingTemple)\\deleteBooking.cy.js",
      "file": "cypress\\e2e\\API Tests (codingTemple)\\deleteBooking.cy.js",
      "beforeHooks": [],
      "afterHooks": [],
      "tests": [],
      "suites": [
        {
          "uuid": "79e650dd-da93-4e62-8c68-a5ecf930c05c",
          "title": "delete booking",
          "fullFile": "",
          "file": "",
          "beforeHooks": [],
          "afterHooks": [],
          "tests": [
            {
              "title": "bye bye booking!",
              "fullTitle": "delete booking bye bye booking!",
              "timedOut": null,
              "duration": 156,
              "state": "failed",
              "speed": null,
              "pass": false,
              "fail": true,
              "pending": false,
              "context": "[\n  {\n    \"title\": \"cypress-mochawesome-reporter-videos-failed\",\n    \"value\": \"cypress\\\\e2e\\\\API Tests (codingTemple)\\\\deleteBooking.cy.js\"\n  },\n  {\n    \"title\": \"cypress-mochawesome-reporter-screenshots\",\n    \"value\": [\n      [\n        \"\\\\API Tests (codingTemple)\\\\deleteBooking.cy.js\\\\delete booking -- bye bye booking! (failed).png\"\n      ]\n    ]\n  }\n]",
              "code": "cy.request({\n  method: 'DELETE',\n  url: 'https://restful-booker.herokuapp.com/booking/:id'.its('status').should('equal', 200)\n});",
              "err": {
                "message": "TypeError: \"https://restful-booker.herokuapp.com/booking/:id\".its is not a function",
                "estack": "TypeError: \"https://restful-booker.herokuapp.com/booking/:id\".its is not a function\n    at Context.eval (http://localhost:2707/__cypress/tests?p=cypress\\e2e\\API%20Tests%20codingTemple\\deleteBooking.cy.js:13:63)",
                "diff": null
              },
              "uuid": "0d2e5a47-7630-4bdf-947e-1f9eedbea004",
              "parentUUID": "79e650dd-da93-4e62-8c68-a5ecf930c05c",
              "isHook": false,
              "skipped": false
            }
          ],
          "suites": [],
          "passes": [],
          "failures": [
            "0d2e5a47-7630-4bdf-947e-1f9eedbea004"
          ],
          "pending": [],
          "skipped": [],
          "duration": 156,
          "root": false,
          "rootEmpty": false,
          "_timeout": 2000
        }
      ],
      "passes": [],
      "failures": [],
      "pending": [],
      "skipped": [],
      "duration": 0,
      "root": true,
      "rootEmpty": true,
      "_timeout": 2000
    }
  ],
  "meta": {
    "mocha": {
      "version": "7.0.1"
    },
    "mochawesome": {
      "options": {
        "quiet": false,
        "reportFilename": "mochawesome",
        "saveHtml": false,
        "saveJson": true,
        "consoleReporter": "spec",
        "useInlineDiffs": false,
        "code": true
      },
      "version": "7.1.3"
    },
    "marge": {
      "options": {
        "overwrite": false,
        "html": false,
        "json": true,
        "reportDir": "cypress\\reports\\html\\.jsons"
      },
      "version": "6.2.0"
    }
  }
}