{
  "stats": {
    "suites": 1,
    "tests": 1,
    "passes": 0,
    "pending": 0,
    "failures": 1,
    "start": "2023-09-11T17:17:12.502Z",
    "end": "2023-09-11T17:17:12.696Z",
    "duration": 194,
    "testsRegistered": 1,
    "passPercent": 0,
    "pendingPercent": 0,
    "other": 0,
    "hasOther": false,
    "skipped": 0,
    "hasSkipped": false
  },
  "results": [
    {
      "uuid": "61d834e3-fc10-44c6-b399-777ecf5993d7",
      "title": "",
      "fullFile": "cypress\\e2e\\API Tests (codingTemple)\\updateBooking_spec.cy.js",
      "file": "cypress\\e2e\\API Tests (codingTemple)\\updateBooking_spec.cy.js",
      "beforeHooks": [],
      "afterHooks": [],
      "tests": [],
      "suites": [
        {
          "uuid": "f051e6c9-9e1d-4004-93b1-987f39fd6381",
          "title": "update booking",
          "fullFile": "",
          "file": "",
          "beforeHooks": [],
          "afterHooks": [],
          "tests": [
            {
              "title": "put method",
              "fullTitle": "update booking put method",
              "timedOut": null,
              "duration": 170,
              "state": "failed",
              "speed": null,
              "pass": false,
              "fail": true,
              "pending": false,
              "context": "[\n  {\n    \"title\": \"cypress-mochawesome-reporter-videos-failed\",\n    \"value\": \"cypress\\\\e2e\\\\API Tests (codingTemple)\\\\updateBooking_spec.cy.js\"\n  },\n  {\n    \"title\": \"cypress-mochawesome-reporter-screenshots\",\n    \"value\": [\n      [\n        \"\\\\API Tests (codingTemple)\\\\updateBooking_spec.cy.js\\\\update booking -- put method (failed).png\"\n      ]\n    ]\n  }\n]",
              "code": "cy.request({\n  method: 'PUT',\n  url: 'https://restful-booker.herokuapp.com/booking/:id',\n  body: {\n    firstname: \"James\",\n    lastname: \"Brown\",\n    totalprice: 111,\n    depositpaid: true,\n    bookingdates: {\n      checkin: \"2018-01-01\",\n      checkout: \"2019-01-01\"\n    }\n  }.its('status').should('equal', 200)\n});",
              "err": {
                "message": "TypeError: {(intermediate value)(intermediate value)(intermediate value)(intermediate value)(intermediate value)}.its is not a function",
                "estack": "TypeError: {(intermediate value)(intermediate value)(intermediate value)(intermediate value)(intermediate value)}.its is not a function\n    at Context.eval (http://localhost:2707/__cypress/tests?p=cypress\\e2e\\API%20Tests%20codingTemple\\updateBooking_spec.cy.js:23:9)",
                "diff": null
              },
              "uuid": "c2c40f37-04aa-4469-a5d3-a311727691fe",
              "parentUUID": "f051e6c9-9e1d-4004-93b1-987f39fd6381",
              "isHook": false,
              "skipped": false
            }
          ],
          "suites": [],
          "passes": [],
          "failures": [
            "c2c40f37-04aa-4469-a5d3-a311727691fe"
          ],
          "pending": [],
          "skipped": [],
          "duration": 170,
          "root": false,
          "rootEmpty": false,
          "_timeout": 2000
        }
      ],
      "passes": [],
      "failures": [],
      "pending": [],
      "skipped": [],
      "duration": 0,
      "root": true,
      "rootEmpty": true,
      "_timeout": 2000
    }
  ],
  "meta": {
    "mocha": {
      "version": "7.0.1"
    },
    "mochawesome": {
      "options": {
        "quiet": false,
        "reportFilename": "mochawesome",
        "saveHtml": false,
        "saveJson": true,
        "consoleReporter": "spec",
        "useInlineDiffs": false,
        "code": true
      },
      "version": "7.1.3"
    },
    "marge": {
      "options": {
        "overwrite": false,
        "html": false,
        "json": true,
        "reportDir": "cypress\\reports\\html\\.jsons"
      },
      "version": "6.2.0"
    }
  }
}