{
  "stats": {
    "suites": 2,
    "tests": 2,
    "passes": 2,
    "pending": 0,
    "failures": 0,
    "start": "2023-09-11T17:17:07.180Z",
    "end": "2023-09-11T17:17:07.443Z",
    "duration": 263,
    "testsRegistered": 2,
    "passPercent": 100,
    "pendingPercent": 0,
    "other": 0,
    "hasOther": false,
    "skipped": 0,
    "hasSkipped": false
  },
  "results": [
    {
      "uuid": "09592f70-8bab-495a-bebc-d336c3052e1a",
      "title": "",
      "fullFile": "cypress\\e2e\\API Tests (codingTemple)\\healthcheck_spec.cy.js",
      "file": "cypress\\e2e\\API Tests (codingTemple)\\healthcheck_spec.cy.js",
      "beforeHooks": [],
      "afterHooks": [],
      "tests": [],
      "suites": [
        {
          "uuid": "8226f8ec-0a41-4011-a2d5-e50c78bfad94",
          "title": "HTTP Requests",
          "fullFile": "",
          "file": "",
          "beforeHooks": [],
          "afterHooks": [],
          "tests": [
            {
              "title": "GET thing",
              "fullTitle": "HTTP Requests GET thing",
              "timedOut": null,
              "duration": 168,
              "state": "passed",
              "speed": "fast",
              "pass": true,
              "fail": false,
              "pending": false,
              "context": "{\n  \"title\": \"cypress-mochawesome-reporter-videos-passed\",\n  \"value\": \"cypress\\\\e2e\\\\API Tests (codingTemple)\\\\healthcheck_spec.cy.js\"\n}",
              "code": "cy.request('GET', 'https://restful-booker.herokuapp.com/apidoc/index.html').its('status').should('equal', 200);",
              "err": {},
              "uuid": "6f60c911-7538-4562-8d3c-250ad4fe89d5",
              "parentUUID": "8226f8ec-0a41-4011-a2d5-e50c78bfad94",
              "isHook": false,
              "skipped": false
            }
          ],
          "suites": [],
          "passes": [
            "6f60c911-7538-4562-8d3c-250ad4fe89d5"
          ],
          "failures": [],
          "pending": [],
          "skipped": [],
          "duration": 168,
          "root": false,
          "rootEmpty": false,
          "_timeout": 2000
        },
        {
          "uuid": "e5bebf45-5d1f-4ed1-8e4b-87eb9e0b3c82",
          "title": "API CALL",
          "fullFile": "",
          "file": "",
          "beforeHooks": [],
          "afterHooks": [],
          "tests": [
            {
              "title": "GET Call",
              "fullTitle": "API CALL GET Call",
              "timedOut": null,
              "duration": 75,
              "state": "passed",
              "speed": "fast",
              "pass": true,
              "fail": false,
              "pending": false,
              "context": "{\n  \"title\": \"cypress-mochawesome-reporter-videos-passed\",\n  \"value\": \"cypress\\\\e2e\\\\API Tests (codingTemple)\\\\healthcheck_spec.cy.js\"\n}",
              "code": "cy.request('GET', 'https://restful-booker.herokuapp.com/ping').its('status').should('equal', 201);",
              "err": {},
              "uuid": "af972899-f40f-4b40-acf3-760a11901740",
              "parentUUID": "e5bebf45-5d1f-4ed1-8e4b-87eb9e0b3c82",
              "isHook": false,
              "skipped": false
            }
          ],
          "suites": [],
          "passes": [
            "af972899-f40f-4b40-acf3-760a11901740"
          ],
          "failures": [],
          "pending": [],
          "skipped": [],
          "duration": 75,
          "root": false,
          "rootEmpty": false,
          "_timeout": 2000
        }
      ],
      "passes": [],
      "failures": [],
      "pending": [],
      "skipped": [],
      "duration": 0,
      "root": true,
      "rootEmpty": true,
      "_timeout": 2000
    }
  ],
  "meta": {
    "mocha": {
      "version": "7.0.1"
    },
    "mochawesome": {
      "options": {
        "quiet": false,
        "reportFilename": "mochawesome",
        "saveHtml": false,
        "saveJson": true,
        "consoleReporter": "spec",
        "useInlineDiffs": false,
        "code": true
      },
      "version": "7.1.3"
    },
    "marge": {
      "options": {
        "overwrite": false,
        "html": false,
        "json": true,
        "reportDir": "cypress\\reports\\html\\.jsons"
      },
      "version": "6.2.0"
    }
  }
}