{
  "stats": {
    "suites": 1,
    "tests": 1,
    "passes": 0,
    "pending": 0,
    "failures": 1,
    "start": "2023-09-11T17:17:09.908Z",
    "end": "2023-09-11T17:17:10.048Z",
    "duration": 140,
    "testsRegistered": 1,
    "passPercent": 0,
    "pendingPercent": 0,
    "other": 0,
    "hasOther": false,
    "skipped": 0,
    "hasSkipped": false
  },
  "results": [
    {
      "uuid": "c87737d9-d68a-44cf-aa03-f3d8c2fb4b1e",
      "title": "",
      "fullFile": "cypress\\e2e\\API Tests (codingTemple)\\partialUpdateBooking.cy.js",
      "file": "cypress\\e2e\\API Tests (codingTemple)\\partialUpdateBooking.cy.js",
      "beforeHooks": [],
      "afterHooks": [],
      "tests": [],
      "suites": [
        {
          "uuid": "f66bb531-5389-48c2-ac17-05d199b0ad97",
          "title": "new booking update",
          "fullFile": "",
          "file": "",
          "beforeHooks": [],
          "afterHooks": [],
          "tests": [
            {
              "title": "patch method",
              "fullTitle": "new booking update patch method",
              "timedOut": null,
              "duration": 122,
              "state": "failed",
              "speed": null,
              "pass": false,
              "fail": true,
              "pending": false,
              "context": "[\n  {\n    \"title\": \"cypress-mochawesome-reporter-videos-failed\",\n    \"value\": \"cypress\\\\e2e\\\\API Tests (codingTemple)\\\\partialUpdateBooking.cy.js\"\n  },\n  {\n    \"title\": \"cypress-mochawesome-reporter-screenshots\",\n    \"value\": [\n      [\n        \"\\\\API Tests (codingTemple)\\\\partialUpdateBooking.cy.js\\\\new booking update -- patch method (failed).png\"\n      ]\n    ]\n  }\n]",
              "code": "cy.request({\n  method: 'PUT',\n  url: 'https://restful-booker.herokuapp.com/booking/:id',\n  body: {\n    firstname: 'James',\n    lastname: 'Brown'\n  }.its('stauts').should('equal', 200)\n});",
              "err": {
                "message": "TypeError: {(intermediate value)(intermediate value)}.its is not a function",
                "estack": "TypeError: {(intermediate value)(intermediate value)}.its is not a function\n    at Context.eval (http://localhost:2707/__cypress/tests?p=cypress\\e2e\\API%20Tests%20codingTemple\\partialUpdateBooking.cy.js:17:9)",
                "diff": null
              },
              "uuid": "7fcd20ba-e04b-47f7-90e3-679f0d4b73d7",
              "parentUUID": "f66bb531-5389-48c2-ac17-05d199b0ad97",
              "isHook": false,
              "skipped": false
            }
          ],
          "suites": [],
          "passes": [],
          "failures": [
            "7fcd20ba-e04b-47f7-90e3-679f0d4b73d7"
          ],
          "pending": [],
          "skipped": [],
          "duration": 122,
          "root": false,
          "rootEmpty": false,
          "_timeout": 2000
        }
      ],
      "passes": [],
      "failures": [],
      "pending": [],
      "skipped": [],
      "duration": 0,
      "root": true,
      "rootEmpty": true,
      "_timeout": 2000
    }
  ],
  "meta": {
    "mocha": {
      "version": "7.0.1"
    },
    "mochawesome": {
      "options": {
        "quiet": false,
        "reportFilename": "mochawesome",
        "saveHtml": false,
        "saveJson": true,
        "consoleReporter": "spec",
        "useInlineDiffs": false,
        "code": true
      },
      "version": "7.1.3"
    },
    "marge": {
      "options": {
        "overwrite": false,
        "html": false,
        "json": true,
        "reportDir": "cypress\\reports\\html\\.jsons"
      },
      "version": "6.2.0"
    }
  }
}